  main.cpp
E:\OpenCV-3.2.0\build-3.2.0-contribe-vc14\install\include\opencv2/core/mat.hpp(2586): warning C4819: 该文件包含不能在当前代码页(936)中表示的字符。请将该文件保存为 Unicode 格式以防止数据丢失
E:\OpenCV-3.2.0\build-3.2.0-contribe-vc14\install\include\opencv2/core/persistence.hpp : warning C4819: 该文件包含不能在当前代码页(936)中表示的字符。请将该文件保存为 Unicode 格式以防止数据丢失
E:\OpenCV-3.2.0\build-3.2.0-contribe-vc14\install\include\opencv2/core/utility.hpp : warning C4819: 该文件包含不能在当前代码页(936)中表示的字符。请将该文件保存为 Unicode 格式以防止数据丢失
E:\OpenCV-3.2.0\build-3.2.0-contribe-vc14\install\include\opencv2/core/utility.hpp : warning C4819: 该文件包含不能在当前代码页(936)中表示的字符。请将该文件保存为 Unicode 格式以防止数据丢失
E:\OpenCV-3.2.0\build-3.2.0-contribe-vc14\install\include\opencv2/imgproc.hpp(592): warning C4819: 该文件包含不能在当前代码页(936)中表示的字符。请将该文件保存为 Unicode 格式以防止数据丢失
..\main.cpp(96): warning C4267: “=”: 从“size_t”转换到“int”，可能丢失数据
..\main.cpp(290): warning C4267: “=”: 从“size_t”转换到“int”，可能丢失数据
..\main.cpp(388): warning C4244: “参数”: 从“int”转换到“float”，可能丢失数据
..\main.cpp(389): warning C4244: “参数”: 从“int”转换到“float”，可能丢失数据
..\main.cpp(685): warning C4267: “初始化”: 从“size_t”转换到“int”，可能丢失数据
..\main.cpp(747): warning C4267: “初始化”: 从“size_t”转换到“int”，可能丢失数据
  reconstruct.cpp
E:\OpenCV-3.2.0\build-3.2.0-contribe-vc14\install\include\opencv2/core/mat.hpp(2586): warning C4819: 该文件包含不能在当前代码页(936)中表示的字符。请将该文件保存为 Unicode 格式以防止数据丢失
E:\OpenCV-3.2.0\build-3.2.0-contribe-vc14\install\include\opencv2/core/persistence.hpp : warning C4819: 该文件包含不能在当前代码页(936)中表示的字符。请将该文件保存为 Unicode 格式以防止数据丢失
E:\OpenCV-3.2.0\build-3.2.0-contribe-vc14\install\include\opencv2/core/utility.hpp : warning C4819: 该文件包含不能在当前代码页(936)中表示的字符。请将该文件保存为 Unicode 格式以防止数据丢失
E:\OpenCV-3.2.0\build-3.2.0-contribe-vc14\install\include\opencv2/core/utility.hpp : warning C4819: 该文件包含不能在当前代码页(936)中表示的字符。请将该文件保存为 Unicode 格式以防止数据丢失
E:\OpenCV-3.2.0\build-3.2.0-contribe-vc14\install\include\opencv2/imgproc.hpp(592): warning C4819: 该文件包含不能在当前代码页(936)中表示的字符。请将该文件保存为 Unicode 格式以防止数据丢失
..\reconstruct.cpp(159): warning C4244: “参数”: 从“float”转换到“int”，可能丢失数据
..\reconstruct.cpp(212): warning C4244: “参数”: 从“float”转换到“int”，可能丢失数据
  正在生成代码
  All 1412 functions were compiled because no usable IPDB/IOBJ from previous compilation was found.
  已完成代码的生成
  StereoRanging.vcxproj -> E:\Github\StereoRanging\StereoRanging\x64\Release\StereoRanging.exe
  StereoRanging.vcxproj -> E:\Github\StereoRanging\StereoRanging\x64\Release\StereoRanging.pdb (Full PDB)
